


materialPath: D:\SteamLibrary\steamapps\common\GarrysMod\garrysmod\materials
Loading D:\SteamLibrary\steamapps\common\GarrysMod\garrysmod\addons\gmod_lock\maps\test_lock_map.vmf
ConVarRef gmod_unload_test doesn't point to an existing ConVar
Patching WVT material: maps/test_lock_map/dev/dev_blendmeasure_wvt_patch
fixing up env_cubemap materials on brush sides...
0...1...2...3...4...5...6...7...8...9...100...1...2...3...4...5...6...7...8...9...10Processing areas...done (0)
Building Faces...done (0)
FixTjuncs...
PruneNodes...
WriteBSP...
done (0)
writing D:\SteamLibrary\steamapps\common\GarrysMod\garrysmod\addons\gmod_lock\maps\test_lock_map.prt...Building visibility clusters...
done (0)
Creating default LDR cubemaps for env_cubemap using skybox materials:
   skybox/sky_day01_01*.vmt
 ! Run buildcubemaps in the engine to get the correct cube maps.
*** Error: Skybox vtf files for skybox/sky_day01_01 weren't compiled with the same size texture and/or same flags!
Can't load skybox file skybox/sky_day01_01 to build the default cubemap!
Finding displacement neighbors...
Finding lightmap sample positions...
Displacement Alpha : 0...1...2...3...4...5...6...7...8...9...10
Building Physics collision data...
done (0) (4006 bytes)
Placing detail props : 0...1...2...3...4...5...6...7...8...9...10
Compacting texture/material tables...
Reduced 12 texinfos to 5
Reduced 4 texdatas to 3 (109 bytes to 88)
Writing D:\SteamLibrary\steamapps\common\GarrysMod\garrysmod\addons\gmod_lock\maps\test_lock_map.bsp
0 seconds elapsed



12 threads
reading d:\steamlibrary\steamapps\common\garrysmod\garrysmod\addons\gmod_lock\maps\test_lock_map.bsp
reading d:\steamlibrary\steamapps\common\garrysmod\garrysmod\addons\gmod_lock\maps\test_lock_map.prt
   9 portalclusters
  16 numportals
0...1...2...3...4...5...6...7...8...9...100...1...2...3...4...5...6...7...8...9...10Optimized: 0 visible clusters (0.00%)
Total clusters visible: 81
Average clusters visible: 9
Building PAS...
Average clusters audible: 9
visdatasize:112  compressed from 144
writing d:\steamlibrary\steamapps\common\garrysmod\garrysmod\addons\gmod_lock\maps\test_lock_map.bsp
0 seconds elapsed



[Reading texlights from 'lights.rad']
[45 texlights parsed from 'lights.rad']

Loading d:\steamlibrary\steamapps\common\garrysmod\garrysmod\addons\gmod_lock\maps\test_lock_map.bsp
PREP OK
32 faces
14720 square feet [2119680.00 square inches]
0 Displacements
0 Square Feet [0.00 Square Inches]
32 patches before subdivision
832 patches after subdivision
2 direct lights
0...1...2...3...4...5...6...7...8...9...100...1...2...3...4...5...6...7...8...9...10transfers 36861, max 123
transfer lists:   0.3 megs
0...1...2...3...4...5...6...7...8...9...10	Bounce #1 added RGB(189, 184, 184)
0...1...2...3...4...5...6...7...8...9...10	Bounce #2 added RGB(12, 11, 11)
0...1...2...3...4...5...6...7...8...9...10	Bounce #3 added RGB(1, 1, 1)
Build Patch/Sample Hash Table(s).....Done<0.0001 sec>
0...1...2...3...4...5...6...7...8...9...10FinalLightFace Done
0 of 0 (0% of) surface lights went in leaf ambient cubes.
0...1...2...3...4...5...6...7...8...9...10Writing leaf ambient...done
Ready to Finish

Object names       Objects/Maxobjs  Memory / Maxmem  Fullness 
------------       ---------------  ---------------  -------- 
models                   1/4096           48/196608   ( 0.0%) 
brushes                 11/16384         132/196608   ( 0.1%) 
brushsides              66/163840        528/1310720  ( 0.0%) 
planes                  52/65536        1040/1310720  ( 0.1%) 
vertexes                63/65536         756/786432   ( 0.1%) 
nodes                   40/65536        1280/2097152  ( 0.1%) 
texinfos                 5/12288         360/884736   ( 0.0%) 
texdata                  3/2048           96/65536    ( 0.1%) 
dispinfos                0/0               0/0        ( 0.0%) 
disp_verts               0/0               0/0        ( 0.0%) 
disp_tris                0/0               0/0        ( 0.0%) 
disp_lmsamples           0/0               0/0        ( 0.0%) 
faces                   32/65536        1792/3670016  ( 0.0%) 
hdr faces                0/65536           0/3670016  ( 0.0%) 
origfaces               14/65536         784/3670016  ( 0.0%) 
leaves                  42/65536        1344/2097152  ( 0.1%) 
leaffaces               35/65536          70/131072   ( 0.1%) 
leafbrushes             43/65536          86/131072   ( 0.1%) 
areas                    2/1024           16/8192     ( 0.2%) 
surfedges              192/512000        768/2048000  ( 0.0%) 
edges                  121/256000        484/1024000  ( 0.0%) 
LDR worldlights          2/8192          176/720896   ( 0.0%) 
HDR worldlights          0/8192            0/720896   ( 0.0%) 
leafwaterdata            0/32768           0/393216   ( 0.0%) 
waterstrips              0/32768           0/327680   ( 0.0%) 
waterverts               0/65536           0/786432   ( 0.0%) 
waterindices             0/65536           0/131072   ( 0.0%) 
cubemapsamples           0/1024            0/16384    ( 0.0%) 
overlays                 0/1024            0/360448   ( 0.0%) 
LDR lightdata         [variable]       16512/0        ( 0.0%) 
HDR lightdata         [variable]           0/0        ( 0.0%) 
visdata               [variable]         112/16777216 ( 0.0%) 
entdata               [variable]        1328/393216   ( 0.3%) 
LDR ambient table       42/65536         168/262144   ( 0.1%) 
HDR ambient table       42/65536         168/262144   ( 0.1%) 
LDR leaf ambient       119/65536        3332/1835008  ( 0.2%) 
HDR leaf ambient        42/65536        1176/1835008  ( 0.1%) 
occluders                0/0               0/0        ( 0.0%) 
occluder polygons        0/0               0/0        ( 0.0%) 
occluder vert ind        0/0               0/0        ( 0.0%) 
detail props          [variable]           1/12       ( 8.3%) 
static props          [variable]           1/12       ( 8.3%) 
pakfile               [variable]       25225/0        ( 0.0%) 
physics               [variable]        4006/4194304  ( 0.1%) 
physics terrain       [variable]           2/1048576  ( 0.0%) 

Level flags = 0

Total triangle count: 72
Writing d:\steamlibrary\steamapps\common\garrysmod\garrysmod\addons\gmod_lock\maps\test_lock_map.bsp
0 seconds elapsed



materialPath: D:\SteamLibrary\steamapps\common\GarrysMod\garrysmod\materials
Loading D:\SteamLibrary\steamapps\common\GarrysMod\garrysmod\addons\gmod_lock\maps\test_lock_map.vmf
ConVarRef gmod_unload_test doesn't point to an existing ConVar
Patching WVT material: maps/test_lock_map/dev/dev_blendmeasure_wvt_patch
fixing up env_cubemap materials on brush sides...
0...1...2...3...4...5...6...7...8...9...100...1...2...3...4...5...6...7...8...9...10Processing areas...done (0)
Building Faces...done (0)
FixTjuncs...
PruneNodes...
WriteBSP...
done (0)
writing D:\SteamLibrary\steamapps\common\GarrysMod\garrysmod\addons\gmod_lock\maps\test_lock_map.prt...Building visibility clusters...
done (0)
No such variable "$basetexture" for material "skybox/paintedrt"
Can't load skybox file skybox/painted to build the default cubemap!
No such variable "$basetexture" for material "skybox/paintedrt"
Can't load skybox file skybox/painted to build the default cubemap!
Finding displacement neighbors...
Finding lightmap sample positions...
Displacement Alpha : 0...1...2...3...4...5...6...7...8...9...10
Building Physics collision data...
done (0) (4006 bytes)
Placing detail props : 0...1...2...3...4...5...6...7...8...9...10
Compacting texture/material tables...
Reduced 12 texinfos to 5
Reduced 4 texdatas to 3 (109 bytes to 88)
Writing D:\SteamLibrary\steamapps\common\GarrysMod\garrysmod\addons\gmod_lock\maps\test_lock_map.bsp
0 seconds elapsed



12 threads
reading d:\steamlibrary\steamapps\common\garrysmod\garrysmod\addons\gmod_lock\maps\test_lock_map.bsp
reading d:\steamlibrary\steamapps\common\garrysmod\garrysmod\addons\gmod_lock\maps\test_lock_map.prt
   9 portalclusters
  16 numportals
0...1...2...3...4...5...6...7...8...9...100...1...2...3...4...5...6...7...8...9...10Optimized: 0 visible clusters (0.00%)
Total clusters visible: 81
Average clusters visible: 9
Building PAS...
Average clusters audible: 9
visdatasize:112  compressed from 144
writing d:\steamlibrary\steamapps\common\garrysmod\garrysmod\addons\gmod_lock\maps\test_lock_map.bsp
0 seconds elapsed



[Reading texlights from 'lights.rad']
[45 texlights parsed from 'lights.rad']

Loading d:\steamlibrary\steamapps\common\garrysmod\garrysmod\addons\gmod_lock\maps\test_lock_map.bsp
PREP OK
32 faces
14720 square feet [2119680.00 square inches]
0 Displacements
0 Square Feet [0.00 Square Inches]
32 patches before subdivision
832 patches after subdivision
2 direct lights
0...1...2...3...4...5...6...7...8...9...100...1...2...3...4...5...6...7...8...9...10transfers 36861, max 123
transfer lists:   0.3 megs
0...1...2...3...4...5...6...7...8...9...10	Bounce #1 added RGB(945, 923, 923)
0...1...2...3...4...5...6...7...8...9...10	Bounce #2 added RGB(59, 56, 56)
0...1...2...3...4...5...6...7...8...9...10	Bounce #3 added RGB(4, 3, 3)
0...1...2...3...4...5...6...7...8...9...10	Bounce #4 added RGB(0, 0, 0)
Build Patch/Sample Hash Table(s).....Done<0.0002 sec>
0...1...2...3...4...5...6...7...8...9...10FinalLightFace Done
0 of 0 (0% of) surface lights went in leaf ambient cubes.
0...1...2...3...4...5...6...7...8...9...10Writing leaf ambient...done
Ready to Finish

Object names       Objects/Maxobjs  Memory / Maxmem  Fullness 
------------       ---------------  ---------------  -------- 
models                   1/4096           48/196608   ( 0.0%) 
brushes                 11/16384         132/196608   ( 0.1%) 
brushsides              66/163840        528/1310720  ( 0.0%) 
planes                  52/65536        1040/1310720  ( 0.1%) 
vertexes                63/65536         756/786432   ( 0.1%) 
nodes                   40/65536        1280/2097152  ( 0.1%) 
texinfos                 5/12288         360/884736   ( 0.0%) 
texdata                  3/2048           96/65536    ( 0.1%) 
dispinfos                0/0               0/0        ( 0.0%) 
disp_verts               0/0               0/0        ( 0.0%) 
disp_tris                0/0               0/0        ( 0.0%) 
disp_lmsamples           0/0               0/0        ( 0.0%) 
faces                   32/65536        1792/3670016  ( 0.0%) 
hdr faces                0/65536           0/3670016  ( 0.0%) 
origfaces               14/65536         784/3670016  ( 0.0%) 
leaves                  42/65536        1344/2097152  ( 0.1%) 
leaffaces               35/65536          70/131072   ( 0.1%) 
leafbrushes             43/65536          86/131072   ( 0.1%) 
areas                    2/1024           16/8192     ( 0.2%) 
surfedges              192/512000        768/2048000  ( 0.0%) 
edges                  121/256000        484/1024000  ( 0.0%) 
LDR worldlights          2/8192          176/720896   ( 0.0%) 
HDR worldlights          0/8192            0/720896   ( 0.0%) 
leafwaterdata            0/32768           0/393216   ( 0.0%) 
waterstrips              0/32768           0/327680   ( 0.0%) 
waterverts               0/65536           0/786432   ( 0.0%) 
waterindices             0/65536           0/131072   ( 0.0%) 
cubemapsamples           0/1024            0/16384    ( 0.0%) 
overlays                 0/1024            0/360448   ( 0.0%) 
LDR lightdata         [variable]       16512/0        ( 0.0%) 
HDR lightdata         [variable]           0/0        ( 0.0%) 
visdata               [variable]         112/16777216 ( 0.0%) 
entdata               [variable]        1324/393216   ( 0.3%) 
LDR ambient table       42/65536         168/262144   ( 0.1%) 
HDR ambient table       42/65536         168/262144   ( 0.1%) 
LDR leaf ambient       126/65536        3528/1835008  ( 0.2%) 
HDR leaf ambient        42/65536        1176/1835008  ( 0.1%) 
occluders                0/0               0/0        ( 0.0%) 
occluder polygons        0/0               0/0        ( 0.0%) 
occluder vert ind        0/0               0/0        ( 0.0%) 
detail props          [variable]           1/12       ( 8.3%) 
static props          [variable]           1/12       ( 8.3%) 
pakfile               [variable]         397/0        ( 0.0%) 
physics               [variable]        4006/4194304  ( 0.1%) 
physics terrain       [variable]           2/1048576  ( 0.0%) 

Level flags = 0

Total triangle count: 72
Writing d:\steamlibrary\steamapps\common\garrysmod\garrysmod\addons\gmod_lock\maps\test_lock_map.bsp
0 seconds elapsed



materialPath: D:\SteamLibrary\steamapps\common\GarrysMod\garrysmod\materials
Loading D:\SteamLibrary\steamapps\common\GarrysMod\garrysmod\addons\gmod_lock\maps\test_lock_map.vmf
ConVarRef gmod_unload_test doesn't point to an existing ConVar
Patching WVT material: maps/test_lock_map/dev/dev_blendmeasure_wvt_patch
fixing up env_cubemap materials on brush sides...
0...1...2...3...4...5...6...7...8...9...100...1...2...3...4...5...6...7...8...9...10Processing areas...done (0)
Building Faces...done (0)
FixTjuncs...
PruneNodes...
WriteBSP...
done (0)
writing D:\SteamLibrary\steamapps\common\GarrysMod\garrysmod\addons\gmod_lock\maps\test_lock_map.prt...Building visibility clusters...
done (0)
No such variable "$basetexture" for material "skybox/paintedrt"
Can't load skybox file skybox/painted to build the default cubemap!
No such variable "$basetexture" for material "skybox/paintedrt"
Can't load skybox file skybox/painted to build the default cubemap!
Finding displacement neighbors...
Finding lightmap sample positions...
Displacement Alpha : 0...1...2...3...4...5...6...7...8...9...10
Building Physics collision data...
done (0) (4006 bytes)
Placing detail props : 0...1...2...3...4...5...6...7...8...9...10
Compacting texture/material tables...
Reduced 12 texinfos to 5
Reduced 4 texdatas to 3 (109 bytes to 88)
Writing D:\SteamLibrary\steamapps\common\GarrysMod\garrysmod\addons\gmod_lock\maps\test_lock_map.bsp
0 seconds elapsed



12 threads
reading d:\steamlibrary\steamapps\common\garrysmod\garrysmod\addons\gmod_lock\maps\test_lock_map.bsp
reading d:\steamlibrary\steamapps\common\garrysmod\garrysmod\addons\gmod_lock\maps\test_lock_map.prt
   9 portalclusters
  16 numportals
0...1...2...3...4...5...6...7...8...9...100...1...2...3...4...5...6...7...8...9...10Optimized: 0 visible clusters (0.00%)
Total clusters visible: 81
Average clusters visible: 9
Building PAS...
Average clusters audible: 9
visdatasize:112  compressed from 144
writing d:\steamlibrary\steamapps\common\garrysmod\garrysmod\addons\gmod_lock\maps\test_lock_map.bsp
0 seconds elapsed



[Reading texlights from 'lights.rad']
[45 texlights parsed from 'lights.rad']

Loading d:\steamlibrary\steamapps\common\garrysmod\garrysmod\addons\gmod_lock\maps\test_lock_map.bsp
PREP OK
32 faces
14720 square feet [2119680.00 square inches]
0 Displacements
0 Square Feet [0.00 Square Inches]
32 patches before subdivision
832 patches after subdivision
2 direct lights
0...1...2...3...4...5...6...7...8...9...100...1...2...3...4...5...6...7...8...9...10transfers 36861, max 123
transfer lists:   0.3 megs
0...1...2...3...4...5...6...7...8...9...10	Bounce #1 added RGB(945, 923, 923)
0...1...2...3...4...5...6...7...8...9...10	Bounce #2 added RGB(59, 56, 56)
0...1...2...3...4...5...6...7...8...9...10	Bounce #3 added RGB(4, 3, 3)
0...1...2...3...4...5...6...7...8...9...10	Bounce #4 added RGB(0, 0, 0)
Build Patch/Sample Hash Table(s).....Done<0.0001 sec>
0...1...2...3...4...5...6...7...8...9...10FinalLightFace Done
0 of 0 (0% of) surface lights went in leaf ambient cubes.
0...1...2...3...4...5...6...7...8...9...10Writing leaf ambient...done
Ready to Finish

Object names       Objects/Maxobjs  Memory / Maxmem  Fullness 
------------       ---------------  ---------------  -------- 
models                   1/4096           48/196608   ( 0.0%) 
brushes                 11/16384         132/196608   ( 0.1%) 
brushsides              66/163840        528/1310720  ( 0.0%) 
planes                  52/65536        1040/1310720  ( 0.1%) 
vertexes                63/65536         756/786432   ( 0.1%) 
nodes                   40/65536        1280/2097152  ( 0.1%) 
texinfos                 5/12288         360/884736   ( 0.0%) 
texdata                  3/2048           96/65536    ( 0.1%) 
dispinfos                0/0               0/0        ( 0.0%) 
disp_verts               0/0               0/0        ( 0.0%) 
disp_tris                0/0               0/0        ( 0.0%) 
disp_lmsamples           0/0               0/0        ( 0.0%) 
faces                   32/65536        1792/3670016  ( 0.0%) 
hdr faces                0/65536           0/3670016  ( 0.0%) 
origfaces               14/65536         784/3670016  ( 0.0%) 
leaves                  42/65536        1344/2097152  ( 0.1%) 
leaffaces               35/65536          70/131072   ( 0.1%) 
leafbrushes             43/65536          86/131072   ( 0.1%) 
areas                    2/1024           16/8192     ( 0.2%) 
surfedges              192/512000        768/2048000  ( 0.0%) 
edges                  121/256000        484/1024000  ( 0.0%) 
LDR worldlights          2/8192          176/720896   ( 0.0%) 
HDR worldlights          0/8192            0/720896   ( 0.0%) 
leafwaterdata            0/32768           0/393216   ( 0.0%) 
waterstrips              0/32768           0/327680   ( 0.0%) 
waterverts               0/65536           0/786432   ( 0.0%) 
waterindices             0/65536           0/131072   ( 0.0%) 
cubemapsamples           0/1024            0/16384    ( 0.0%) 
overlays                 0/1024            0/360448   ( 0.0%) 
LDR lightdata         [variable]       16512/0        ( 0.0%) 
HDR lightdata         [variable]           0/0        ( 0.0%) 
visdata               [variable]         112/16777216 ( 0.0%) 
entdata               [variable]        1326/393216   ( 0.3%) 
LDR ambient table       42/65536         168/262144   ( 0.1%) 
HDR ambient table       42/65536         168/262144   ( 0.1%) 
LDR leaf ambient       126/65536        3528/1835008  ( 0.2%) 
HDR leaf ambient        42/65536        1176/1835008  ( 0.1%) 
occluders                0/0               0/0        ( 0.0%) 
occluder polygons        0/0               0/0        ( 0.0%) 
occluder vert ind        0/0               0/0        ( 0.0%) 
detail props          [variable]           1/12       ( 8.3%) 
static props          [variable]           1/12       ( 8.3%) 
pakfile               [variable]         397/0        ( 0.0%) 
physics               [variable]        4006/4194304  ( 0.1%) 
physics terrain       [variable]           2/1048576  ( 0.0%) 

Level flags = 0

Total triangle count: 72
Writing d:\steamlibrary\steamapps\common\garrysmod\garrysmod\addons\gmod_lock\maps\test_lock_map.bsp
0 seconds elapsed



materialPath: D:\SteamLibrary\steamapps\common\GarrysMod\garrysmod\materials
Loading D:\SteamLibrary\steamapps\common\GarrysMod\garrysmod\addons\gmod_lock\maps\test_lock_map.vmf
ConVarRef gmod_unload_test doesn't point to an existing ConVar
Patching WVT material: maps/test_lock_map/dev/dev_blendmeasure_wvt_patch
fixing up env_cubemap materials on brush sides...
0...1...2...3...4...5...6...7...8...9...100...1...2...3...4...5...6...7...8...9...10Processing areas...done (0)
Building Faces...done (0)
FixTjuncs...
PruneNodes...
WriteBSP...
done (0)
writing D:\SteamLibrary\steamapps\common\GarrysMod\garrysmod\addons\gmod_lock\maps\test_lock_map.prt...Building visibility clusters...
done (0)
No such variable "$basetexture" for material "skybox/paintedrt"
Can't load skybox file skybox/painted to build the default cubemap!
No such variable "$basetexture" for material "skybox/paintedrt"
Can't load skybox file skybox/painted to build the default cubemap!
Finding displacement neighbors...
Finding lightmap sample positions...
Displacement Alpha : 0...1...2...3...4...5...6...7...8...9...10
Building Physics collision data...
done (0) (4006 bytes)
Placing detail props : 0...1...2...3...4...5...6...7...8...9...10
Compacting texture/material tables...
Reduced 12 texinfos to 5
Reduced 4 texdatas to 3 (109 bytes to 88)
Writing D:\SteamLibrary\steamapps\common\GarrysMod\garrysmod\addons\gmod_lock\maps\test_lock_map.bsp
0 seconds elapsed



12 threads
reading d:\steamlibrary\steamapps\common\garrysmod\garrysmod\addons\gmod_lock\maps\test_lock_map.bsp
reading d:\steamlibrary\steamapps\common\garrysmod\garrysmod\addons\gmod_lock\maps\test_lock_map.prt
   9 portalclusters
  16 numportals
0...1...2...3...4...5...6...7...8...9...100...1...2...3...4...5...6...7...8...9...10Optimized: 0 visible clusters (0.00%)
Total clusters visible: 81
Average clusters visible: 9
Building PAS...
Average clusters audible: 9
visdatasize:112  compressed from 144
writing d:\steamlibrary\steamapps\common\garrysmod\garrysmod\addons\gmod_lock\maps\test_lock_map.bsp
0 seconds elapsed



[Reading texlights from 'lights.rad']
[45 texlights parsed from 'lights.rad']

Loading d:\steamlibrary\steamapps\common\garrysmod\garrysmod\addons\gmod_lock\maps\test_lock_map.bsp
PREP OK
32 faces
14720 square feet [2119680.00 square inches]
0 Displacements
0 Square Feet [0.00 Square Inches]
32 patches before subdivision
832 patches after subdivision
2 direct lights
0...1...2...3...4...5...6...7...8...9...100...1...2...3...4...5...6...7...8...9...10transfers 36861, max 123
transfer lists:   0.3 megs
0...1...2...3...4...5...6...7...8...9...10	Bounce #1 added RGB(945, 923, 923)
0...1...2...3...4...5...6...7...8...9...10	Bounce #2 added RGB(59, 56, 56)
0...1...2...3...4...5...6...7...8...9...10	Bounce #3 added RGB(4, 3, 3)
0...1...2...3...4...5...6...7...8...9...10	Bounce #4 added RGB(0, 0, 0)
Build Patch/Sample Hash Table(s).....Done<0.0001 sec>
0...1...2...3...4...5...6...7...8...9...10FinalLightFace Done
0 of 0 (0% of) surface lights went in leaf ambient cubes.
0...1...2...3...4...5...6...7...8...9...10Writing leaf ambient...done
Ready to Finish

Object names       Objects/Maxobjs  Memory / Maxmem  Fullness 
------------       ---------------  ---------------  -------- 
models                   1/4096           48/196608   ( 0.0%) 
brushes                 11/16384         132/196608   ( 0.1%) 
brushsides              66/163840        528/1310720  ( 0.0%) 
planes                  52/65536        1040/1310720  ( 0.1%) 
vertexes                63/65536         756/786432   ( 0.1%) 
nodes                   40/65536        1280/2097152  ( 0.1%) 
texinfos                 5/12288         360/884736   ( 0.0%) 
texdata                  3/2048           96/65536    ( 0.1%) 
dispinfos                0/0               0/0        ( 0.0%) 
disp_verts               0/0               0/0        ( 0.0%) 
disp_tris                0/0               0/0        ( 0.0%) 
disp_lmsamples           0/0               0/0        ( 0.0%) 
faces                   32/65536        1792/3670016  ( 0.0%) 
hdr faces                0/65536           0/3670016  ( 0.0%) 
origfaces               14/65536         784/3670016  ( 0.0%) 
leaves                  42/65536        1344/2097152  ( 0.1%) 
leaffaces               35/65536          70/131072   ( 0.1%) 
leafbrushes             43/65536          86/131072   ( 0.1%) 
areas                    2/1024           16/8192     ( 0.2%) 
surfedges              192/512000        768/2048000  ( 0.0%) 
edges                  121/256000        484/1024000  ( 0.0%) 
LDR worldlights          2/8192          176/720896   ( 0.0%) 
HDR worldlights          0/8192            0/720896   ( 0.0%) 
leafwaterdata            0/32768           0/393216   ( 0.0%) 
waterstrips              0/32768           0/327680   ( 0.0%) 
waterverts               0/65536           0/786432   ( 0.0%) 
waterindices             0/65536           0/131072   ( 0.0%) 
cubemapsamples           0/1024            0/16384    ( 0.0%) 
overlays                 0/1024            0/360448   ( 0.0%) 
LDR lightdata         [variable]       16512/0        ( 0.0%) 
HDR lightdata         [variable]           0/0        ( 0.0%) 
visdata               [variable]         112/16777216 ( 0.0%) 
entdata               [variable]        1327/393216   ( 0.3%) 
LDR ambient table       42/65536         168/262144   ( 0.1%) 
HDR ambient table       42/65536         168/262144   ( 0.1%) 
LDR leaf ambient       126/65536        3528/1835008  ( 0.2%) 
HDR leaf ambient        42/65536        1176/1835008  ( 0.1%) 
occluders                0/0               0/0        ( 0.0%) 
occluder polygons        0/0               0/0        ( 0.0%) 
occluder vert ind        0/0               0/0        ( 0.0%) 
detail props          [variable]           1/12       ( 8.3%) 
static props          [variable]           1/12       ( 8.3%) 
pakfile               [variable]         397/0        ( 0.0%) 
physics               [variable]        4006/4194304  ( 0.1%) 
physics terrain       [variable]           2/1048576  ( 0.0%) 

Level flags = 0

Total triangle count: 72
Writing d:\steamlibrary\steamapps\common\garrysmod\garrysmod\addons\gmod_lock\maps\test_lock_map.bsp
0 seconds elapsed



materialPath: D:\SteamLibrary\steamapps\common\GarrysMod\garrysmod\materials
Loading D:\SteamLibrary\steamapps\common\GarrysMod\garrysmod\addons\gmod_lock\maps\test_lock_map.vmf
ConVarRef gmod_unload_test doesn't point to an existing ConVar
Patching WVT material: maps/test_lock_map/dev/dev_blendmeasure_wvt_patch
fixing up env_cubemap materials on brush sides...
0...1...2...3...4...5...6...7...8...9...100...1...2...3...4...5...6...7...8...9...10Processing areas...done (0)
Building Faces...done (0)
FixTjuncs...
PruneNodes...
WriteBSP...
done (0)
writing D:\SteamLibrary\steamapps\common\GarrysMod\garrysmod\addons\gmod_lock\maps\test_lock_map.prt...Building visibility clusters...
done (0)
No such variable "$basetexture" for material "skybox/paintedrt"
Can't load skybox file skybox/painted to build the default cubemap!
No such variable "$basetexture" for material "skybox/paintedrt"
Can't load skybox file skybox/painted to build the default cubemap!
Finding displacement neighbors...
Finding lightmap sample positions...
Displacement Alpha : 0...1...2...3...4...5...6...7...8...9...10
Building Physics collision data...
done (0) (4006 bytes)
Placing detail props : 0...1...2...3...4...5...6...7...8...9...10
Compacting texture/material tables...
Reduced 12 texinfos to 5
Reduced 4 texdatas to 3 (109 bytes to 88)
Writing D:\SteamLibrary\steamapps\common\GarrysMod\garrysmod\addons\gmod_lock\maps\test_lock_map.bsp
0 seconds elapsed



12 threads
reading d:\steamlibrary\steamapps\common\garrysmod\garrysmod\addons\gmod_lock\maps\test_lock_map.bsp
reading d:\steamlibrary\steamapps\common\garrysmod\garrysmod\addons\gmod_lock\maps\test_lock_map.prt
   9 portalclusters
  16 numportals
0...1...2...3...4...5...6...7...8...9...100...1...2...3...4...5...6...7...8...9...10Optimized: 0 visible clusters (0.00%)
Total clusters visible: 81
Average clusters visible: 9
Building PAS...
Average clusters audible: 9
visdatasize:112  compressed from 144
writing d:\steamlibrary\steamapps\common\garrysmod\garrysmod\addons\gmod_lock\maps\test_lock_map.bsp
0 seconds elapsed



[Reading texlights from 'lights.rad']
[45 texlights parsed from 'lights.rad']

Loading d:\steamlibrary\steamapps\common\garrysmod\garrysmod\addons\gmod_lock\maps\test_lock_map.bsp
PREP OK
32 faces
14720 square feet [2119680.00 square inches]
0 Displacements
0 Square Feet [0.00 Square Inches]
32 patches before subdivision
832 patches after subdivision
2 direct lights
0...1...2...3...4...5...6...7...8...9...100...1...2...3...4...5...6...7...8...9...10transfers 36861, max 123
transfer lists:   0.3 megs
0...1...2...3...4...5...6...7...8...9...10	Bounce #1 added RGB(945, 923, 923)
0...1...2...3...4...5...6...7...8...9...10	Bounce #2 added RGB(59, 56, 56)
0...1...2...3...4...5...6...7...8...9...10	Bounce #3 added RGB(4, 3, 3)
0...1...2...3...4...5...6...7...8...9...10	Bounce #4 added RGB(0, 0, 0)
Build Patch/Sample Hash Table(s).....Done<0.0001 sec>
0...1...2...3...4...5...6...7...8...9...10FinalLightFace Done
0 of 0 (0% of) surface lights went in leaf ambient cubes.
0...1...2...3...4...5...6...7...8...9...10Writing leaf ambient...done
Ready to Finish

Object names       Objects/Maxobjs  Memory / Maxmem  Fullness 
------------       ---------------  ---------------  -------- 
models                   1/4096           48/196608   ( 0.0%) 
brushes                 11/16384         132/196608   ( 0.1%) 
brushsides              66/163840        528/1310720  ( 0.0%) 
planes                  52/65536        1040/1310720  ( 0.1%) 
vertexes                63/65536         756/786432   ( 0.1%) 
nodes                   40/65536        1280/2097152  ( 0.1%) 
texinfos                 5/12288         360/884736   ( 0.0%) 
texdata                  3/2048           96/65536    ( 0.1%) 
dispinfos                0/0               0/0        ( 0.0%) 
disp_verts               0/0               0/0        ( 0.0%) 
disp_tris                0/0               0/0        ( 0.0%) 
disp_lmsamples           0/0               0/0        ( 0.0%) 
faces                   32/65536        1792/3670016  ( 0.0%) 
hdr faces                0/65536           0/3670016  ( 0.0%) 
origfaces               14/65536         784/3670016  ( 0.0%) 
leaves                  42/65536        1344/2097152  ( 0.1%) 
leaffaces               35/65536          70/131072   ( 0.1%) 
leafbrushes             43/65536          86/131072   ( 0.1%) 
areas                    2/1024           16/8192     ( 0.2%) 
surfedges              192/512000        768/2048000  ( 0.0%) 
edges                  121/256000        484/1024000  ( 0.0%) 
LDR worldlights          2/8192          176/720896   ( 0.0%) 
HDR worldlights          0/8192            0/720896   ( 0.0%) 
leafwaterdata            0/32768           0/393216   ( 0.0%) 
waterstrips              0/32768           0/327680   ( 0.0%) 
waterverts               0/65536           0/786432   ( 0.0%) 
waterindices             0/65536           0/131072   ( 0.0%) 
cubemapsamples           0/1024            0/16384    ( 0.0%) 
overlays                 0/1024            0/360448   ( 0.0%) 
LDR lightdata         [variable]       16512/0        ( 0.0%) 
HDR lightdata         [variable]           0/0        ( 0.0%) 
visdata               [variable]         112/16777216 ( 0.0%) 
entdata               [variable]        1325/393216   ( 0.3%) 
LDR ambient table       42/65536         168/262144   ( 0.1%) 
HDR ambient table       42/65536         168/262144   ( 0.1%) 
LDR leaf ambient       126/65536        3528/1835008  ( 0.2%) 
HDR leaf ambient        42/65536        1176/1835008  ( 0.1%) 
occluders                0/0               0/0        ( 0.0%) 
occluder polygons        0/0               0/0        ( 0.0%) 
occluder vert ind        0/0               0/0        ( 0.0%) 
detail props          [variable]           1/12       ( 8.3%) 
static props          [variable]           1/12       ( 8.3%) 
pakfile               [variable]         397/0        ( 0.0%) 
physics               [variable]        4006/4194304  ( 0.1%) 
physics terrain       [variable]           2/1048576  ( 0.0%) 

Level flags = 0

Total triangle count: 72
Writing d:\steamlibrary\steamapps\common\garrysmod\garrysmod\addons\gmod_lock\maps\test_lock_map.bsp
0 seconds elapsed



materialPath: D:\SteamLibrary\steamapps\common\GarrysMod\garrysmod\materials
Loading D:\SteamLibrary\steamapps\common\GarrysMod\garrysmod\addons\gmod_lock\maps\test_lock_map.vmf
ConVarRef gmod_unload_test doesn't point to an existing ConVar
Patching WVT material: maps/test_lock_map/dev/dev_blendmeasure_wvt_patch
fixing up env_cubemap materials on brush sides...
0...1...2...3...4...5...6...7...8...9...100...1...2...3...4...5...6...7...8...9...10Processing areas...done (0)
Building Faces...done (0)
FixTjuncs...
PruneNodes...
WriteBSP...
done (0)
writing D:\SteamLibrary\steamapps\common\GarrysMod\garrysmod\addons\gmod_lock\maps\test_lock_map.prt...Building visibility clusters...
done (0)
No such variable "$basetexture" for material "skybox/paintedrt"
Can't load skybox file skybox/painted to build the default cubemap!
No such variable "$basetexture" for material "skybox/paintedrt"
Can't load skybox file skybox/painted to build the default cubemap!
Finding displacement neighbors...
Finding lightmap sample positions...
Displacement Alpha : 0...1...2...3...4...5...6...7...8...9...10
Building Physics collision data...
done (0) (4006 bytes)
Placing detail props : 0...1...2...3...4...5...6...7...8...9...10
Compacting texture/material tables...
Reduced 12 texinfos to 5
Reduced 4 texdatas to 3 (109 bytes to 88)
Writing D:\SteamLibrary\steamapps\common\GarrysMod\garrysmod\addons\gmod_lock\maps\test_lock_map.bsp
0 seconds elapsed



12 threads
reading d:\steamlibrary\steamapps\common\garrysmod\garrysmod\addons\gmod_lock\maps\test_lock_map.bsp
reading d:\steamlibrary\steamapps\common\garrysmod\garrysmod\addons\gmod_lock\maps\test_lock_map.prt
   9 portalclusters
  16 numportals
0...1...2...3...4...5...6...7...8...9...100...1...2...3...4...5...6...7...8...9...10Optimized: 0 visible clusters (0.00%)
Total clusters visible: 81
Average clusters visible: 9
Building PAS...
Average clusters audible: 9
visdatasize:112  compressed from 144
writing d:\steamlibrary\steamapps\common\garrysmod\garrysmod\addons\gmod_lock\maps\test_lock_map.bsp
0 seconds elapsed



[Reading texlights from 'lights.rad']
[45 texlights parsed from 'lights.rad']

Loading d:\steamlibrary\steamapps\common\garrysmod\garrysmod\addons\gmod_lock\maps\test_lock_map.bsp
PREP OK
32 faces
14720 square feet [2119680.00 square inches]
0 Displacements
0 Square Feet [0.00 Square Inches]
32 patches before subdivision
832 patches after subdivision
2 direct lights
0...1...2...3...4...5...6...7...8...9...100...1...2...3...4...5...6...7...8...9...10transfers 36861, max 123
transfer lists:   0.3 megs
0...1...2...3...4...5...6...7...8...9...10	Bounce #1 added RGB(2937, 2870, 2870)
0...1...2...3...4...5...6...7...8...9...10	Bounce #2 added RGB(183, 175, 175)
0...1...2...3...4...5...6...7...8...9...10	Bounce #3 added RGB(11, 11, 11)
0...1...2...3...4...5...6...7...8...9...10	Bounce #4 added RGB(1, 1, 1)
Build Patch/Sample Hash Table(s).....Done<0.0001 sec>
0...1...2...3...4...5...6...7...8...9...10FinalLightFace Done
0 of 0 (0% of) surface lights went in leaf ambient cubes.
0...1...2...3...4...5...6...7...8...9...10Writing leaf ambient...done
Ready to Finish

Object names       Objects/Maxobjs  Memory / Maxmem  Fullness 
------------       ---------------  ---------------  -------- 
models                   1/4096           48/196608   ( 0.0%) 
brushes                 11/16384         132/196608   ( 0.1%) 
brushsides              66/163840        528/1310720  ( 0.0%) 
planes                  52/65536        1040/1310720  ( 0.1%) 
vertexes                63/65536         756/786432   ( 0.1%) 
nodes                   40/65536        1280/2097152  ( 0.1%) 
texinfos                 5/12288         360/884736   ( 0.0%) 
texdata                  3/2048           96/65536    ( 0.1%) 
dispinfos                0/0               0/0        ( 0.0%) 
disp_verts               0/0               0/0        ( 0.0%) 
disp_tris                0/0               0/0        ( 0.0%) 
disp_lmsamples           0/0               0/0        ( 0.0%) 
faces                   32/65536        1792/3670016  ( 0.0%) 
hdr faces                0/65536           0/3670016  ( 0.0%) 
origfaces               14/65536         784/3670016  ( 0.0%) 
leaves                  42/65536        1344/2097152  ( 0.1%) 
leaffaces               35/65536          70/131072   ( 0.1%) 
leafbrushes             43/65536          86/131072   ( 0.1%) 
areas                    2/1024           16/8192     ( 0.2%) 
surfedges              192/512000        768/2048000  ( 0.0%) 
edges                  121/256000        484/1024000  ( 0.0%) 
LDR worldlights          2/8192          176/720896   ( 0.0%) 
HDR worldlights          0/8192            0/720896   ( 0.0%) 
leafwaterdata            0/32768           0/393216   ( 0.0%) 
waterstrips              0/32768           0/327680   ( 0.0%) 
waterverts               0/65536           0/786432   ( 0.0%) 
waterindices             0/65536           0/131072   ( 0.0%) 
cubemapsamples           0/1024            0/16384    ( 0.0%) 
overlays                 0/1024            0/360448   ( 0.0%) 
LDR lightdata         [variable]       16512/0        ( 0.0%) 
HDR lightdata         [variable]           0/0        ( 0.0%) 
visdata               [variable]         112/16777216 ( 0.0%) 
entdata               [variable]        1326/393216   ( 0.3%) 
LDR ambient table       42/65536         168/262144   ( 0.1%) 
HDR ambient table       42/65536         168/262144   ( 0.1%) 
LDR leaf ambient       124/65536        3472/1835008  ( 0.2%) 
HDR leaf ambient        42/65536        1176/1835008  ( 0.1%) 
occluders                0/0               0/0        ( 0.0%) 
occluder polygons        0/0               0/0        ( 0.0%) 
occluder vert ind        0/0               0/0        ( 0.0%) 
detail props          [variable]           1/12       ( 8.3%) 
static props          [variable]           1/12       ( 8.3%) 
pakfile               [variable]         397/0        ( 0.0%) 
physics               [variable]        4006/4194304  ( 0.1%) 
physics terrain       [variable]           2/1048576  ( 0.0%) 

Level flags = 0

Total triangle count: 72
Writing d:\steamlibrary\steamapps\common\garrysmod\garrysmod\addons\gmod_lock\maps\test_lock_map.bsp
0 seconds elapsed



materialPath: D:\SteamLibrary\steamapps\common\GarrysMod\garrysmod\materials
Loading D:\SteamLibrary\steamapps\common\GarrysMod\garrysmod\addons\gmod_lock\maps\test_lock_map.vmf
ConVarRef gmod_unload_test doesn't point to an existing ConVar
Patching WVT material: maps/test_lock_map/dev/dev_blendmeasure_wvt_patch
fixing up env_cubemap materials on brush sides...
0...1...2...3...4...5...6...7...8...9...100...1...2...3...4...5...6...7...8...9...10Processing areas...done (0)
Building Faces...done (0)
FixTjuncs...
PruneNodes...
WriteBSP...
done (0)
writing D:\SteamLibrary\steamapps\common\GarrysMod\garrysmod\addons\gmod_lock\maps\test_lock_map.prt...Building visibility clusters...
done (0)
No such variable "$basetexture" for material "skybox/paintedrt"
Can't load skybox file skybox/painted to build the default cubemap!
No such variable "$basetexture" for material "skybox/paintedrt"
Can't load skybox file skybox/painted to build the default cubemap!
Finding displacement neighbors...
Finding lightmap sample positions...
Displacement Alpha : 0...1...2...3...4...5...6...7...8...9...10
Building Physics collision data...
done (0) (4006 bytes)
Placing detail props : 0...1...2...3...4...5...6...7...8...9...10
Compacting texture/material tables...
Reduced 12 texinfos to 5
Reduced 4 texdatas to 3 (109 bytes to 88)
Writing D:\SteamLibrary\steamapps\common\GarrysMod\garrysmod\addons\gmod_lock\maps\test_lock_map.bsp
0 seconds elapsed



12 threads
reading d:\steamlibrary\steamapps\common\garrysmod\garrysmod\addons\gmod_lock\maps\test_lock_map.bsp
reading d:\steamlibrary\steamapps\common\garrysmod\garrysmod\addons\gmod_lock\maps\test_lock_map.prt
   9 portalclusters
  16 numportals
0...1...2...3...4...5...6...7...8...9...100...1...2...3...4...5...6...7...8...9...10Optimized: 0 visible clusters (0.00%)
Total clusters visible: 81
Average clusters visible: 9
Building PAS...
Average clusters audible: 9
visdatasize:112  compressed from 144
writing d:\steamlibrary\steamapps\common\garrysmod\garrysmod\addons\gmod_lock\maps\test_lock_map.bsp
0 seconds elapsed



[Reading texlights from 'lights.rad']
[45 texlights parsed from 'lights.rad']

Loading d:\steamlibrary\steamapps\common\garrysmod\garrysmod\addons\gmod_lock\maps\test_lock_map.bsp
PREP OK
32 faces
14720 square feet [2119680.00 square inches]
0 Displacements
0 Square Feet [0.00 Square Inches]
32 patches before subdivision
832 patches after subdivision
2 direct lights
0...1...2...3...4...5...6...7...8...9...100...1...2...3...4...5...6...7...8...9...10transfers 36861, max 123
transfer lists:   0.3 megs
0...1...2...3...4...5...6...7...8...9...10	Bounce #1 added RGB(2937, 2870, 2870)
0...1...2...3...4...5...6...7...8...9...10	Bounce #2 added RGB(183, 175, 175)
0...1...2...3...4...5...6...7...8...9...10	Bounce #3 added RGB(11, 11, 11)
0...1...2...3...4...5...6...7...8...9...10	Bounce #4 added RGB(1, 1, 1)
Build Patch/Sample Hash Table(s).....Done<0.0001 sec>
0...1...2...3...4...5...6...7...8...9...10FinalLightFace Done
0 of 0 (0% of) surface lights went in leaf ambient cubes.
0...1...2...3...4...5...6...7...8...9...10Writing leaf ambient...done
Ready to Finish

Object names       Objects/Maxobjs  Memory / Maxmem  Fullness 
------------       ---------------  ---------------  -------- 
models                   1/4096           48/196608   ( 0.0%) 
brushes                 11/16384         132/196608   ( 0.1%) 
brushsides              66/163840        528/1310720  ( 0.0%) 
planes                  52/65536        1040/1310720  ( 0.1%) 
vertexes                63/65536         756/786432   ( 0.1%) 
nodes                   40/65536        1280/2097152  ( 0.1%) 
texinfos                 5/12288         360/884736   ( 0.0%) 
texdata                  3/2048           96/65536    ( 0.1%) 
dispinfos                0/0               0/0        ( 0.0%) 
disp_verts               0/0               0/0        ( 0.0%) 
disp_tris                0/0               0/0        ( 0.0%) 
disp_lmsamples           0/0               0/0        ( 0.0%) 
faces                   32/65536        1792/3670016  ( 0.0%) 
hdr faces                0/65536           0/3670016  ( 0.0%) 
origfaces               14/65536         784/3670016  ( 0.0%) 
leaves                  42/65536        1344/2097152  ( 0.1%) 
leaffaces               35/65536          70/131072   ( 0.1%) 
leafbrushes             43/65536          86/131072   ( 0.1%) 
areas                    2/1024           16/8192     ( 0.2%) 
surfedges              192/512000        768/2048000  ( 0.0%) 
edges                  121/256000        484/1024000  ( 0.0%) 
LDR worldlights          2/8192          176/720896   ( 0.0%) 
HDR worldlights          0/8192            0/720896   ( 0.0%) 
leafwaterdata            0/32768           0/393216   ( 0.0%) 
waterstrips              0/32768           0/327680   ( 0.0%) 
waterverts               0/65536           0/786432   ( 0.0%) 
waterindices             0/65536           0/131072   ( 0.0%) 
cubemapsamples           0/1024            0/16384    ( 0.0%) 
overlays                 0/1024            0/360448   ( 0.0%) 
LDR lightdata         [variable]       16512/0        ( 0.0%) 
HDR lightdata         [variable]           0/0        ( 0.0%) 
visdata               [variable]         112/16777216 ( 0.0%) 
entdata               [variable]        1808/393216   ( 0.5%) 
LDR ambient table       42/65536         168/262144   ( 0.1%) 
HDR ambient table       42/65536         168/262144   ( 0.1%) 
LDR leaf ambient       124/65536        3472/1835008  ( 0.2%) 
HDR leaf ambient        42/65536        1176/1835008  ( 0.1%) 
occluders                0/0               0/0        ( 0.0%) 
occluder polygons        0/0               0/0        ( 0.0%) 
occluder vert ind        0/0               0/0        ( 0.0%) 
detail props          [variable]           1/12       ( 8.3%) 
static props          [variable]           1/12       ( 8.3%) 
pakfile               [variable]         397/0        ( 0.0%) 
physics               [variable]        4006/4194304  ( 0.1%) 
physics terrain       [variable]           2/1048576  ( 0.0%) 

Level flags = 0

Total triangle count: 72
Writing d:\steamlibrary\steamapps\common\garrysmod\garrysmod\addons\gmod_lock\maps\test_lock_map.bsp
0 seconds elapsed



materialPath: D:\SteamLibrary\steamapps\common\GarrysMod\garrysmod\materials
Loading D:\SteamLibrary\steamapps\common\GarrysMod\garrysmod\addons\gmod_lock\maps\gm_lock_map.vmf
ConVarRef gmod_unload_test doesn't point to an existing ConVar
Patching WVT material: maps/gm_lock_map/dev/dev_blendmeasure_wvt_patch
fixing up env_cubemap materials on brush sides...
0...1...2...3...4...5...6...7...8...9...100...1...2...3...4...5...6...7...8...9...10Processing areas...done (0)
Building Faces...done (0)
FixTjuncs...
PruneNodes...
WriteBSP...
done (0)
writing D:\SteamLibrary\steamapps\common\GarrysMod\garrysmod\addons\gmod_lock\maps\gm_lock_map.prt...Building visibility clusters...
done (0)
No such variable "$basetexture" for material "skybox/paintedrt"
Can't load skybox file skybox/painted to build the default cubemap!
No such variable "$basetexture" for material "skybox/paintedrt"
Can't load skybox file skybox/painted to build the default cubemap!
Finding displacement neighbors...
Finding lightmap sample positions...
Displacement Alpha : 0...1...2...3...4...5...6...7...8...9...10
Building Physics collision data...
done (0) (4006 bytes)
Placing detail props : 0...1...2...3...4...5...6...7...8...9...10
Compacting texture/material tables...
Reduced 12 texinfos to 5
Reduced 4 texdatas to 3 (107 bytes to 86)
Writing D:\SteamLibrary\steamapps\common\GarrysMod\garrysmod\addons\gmod_lock\maps\gm_lock_map.bsp
0 seconds elapsed



12 threads
reading d:\steamlibrary\steamapps\common\garrysmod\garrysmod\addons\gmod_lock\maps\gm_lock_map.bsp
reading d:\steamlibrary\steamapps\common\garrysmod\garrysmod\addons\gmod_lock\maps\gm_lock_map.prt
   9 portalclusters
  16 numportals
0...1...2...3...4...5...6...7...8...9...100...1...2...3...4...5...6...7...8...9...10Optimized: 0 visible clusters (0.00%)
Total clusters visible: 81
Average clusters visible: 9
Building PAS...
Average clusters audible: 9
visdatasize:112  compressed from 144
writing d:\steamlibrary\steamapps\common\garrysmod\garrysmod\addons\gmod_lock\maps\gm_lock_map.bsp
0 seconds elapsed



[Reading texlights from 'lights.rad']
[45 texlights parsed from 'lights.rad']

Loading d:\steamlibrary\steamapps\common\garrysmod\garrysmod\addons\gmod_lock\maps\gm_lock_map.bsp
PREP OK
32 faces
14720 square feet [2119680.00 square inches]
0 Displacements
0 Square Feet [0.00 Square Inches]
32 patches before subdivision
832 patches after subdivision
2 direct lights
0...1...2...3...4...5...6...7...8...9...100...1...2...3...4...5...6...7...8...9...10transfers 36861, max 123
transfer lists:   0.3 megs
0...1...2...3...4...5...6...7...8...9...10	Bounce #1 added RGB(2937, 2870, 2870)
0...1...2...3...4...5...6...7...8...9...10	Bounce #2 added RGB(183, 175, 175)
0...1...2...3...4...5...6...7...8...9...10	Bounce #3 added RGB(11, 11, 11)
0...1...2...3...4...5...6...7...8...9...10	Bounce #4 added RGB(1, 1, 1)
Build Patch/Sample Hash Table(s).....Done<0.0001 sec>
0...1...2...3...4...5...6...7...8...9...10FinalLightFace Done
0 of 0 (0% of) surface lights went in leaf ambient cubes.
0...1...2...3...4...5...6...7...8...9...10Writing leaf ambient...done
Ready to Finish

Object names       Objects/Maxobjs  Memory / Maxmem  Fullness 
------------       ---------------  ---------------  -------- 
models                   1/4096           48/196608   ( 0.0%) 
brushes                 11/16384         132/196608   ( 0.1%) 
brushsides              66/163840        528/1310720  ( 0.0%) 
planes                  52/65536        1040/1310720  ( 0.1%) 
vertexes                63/65536         756/786432   ( 0.1%) 
nodes                   40/65536        1280/2097152  ( 0.1%) 
texinfos                 5/12288         360/884736   ( 0.0%) 
texdata                  3/2048           96/65536    ( 0.1%) 
dispinfos                0/0               0/0        ( 0.0%) 
disp_verts               0/0               0/0        ( 0.0%) 
disp_tris                0/0               0/0        ( 0.0%) 
disp_lmsamples           0/0               0/0        ( 0.0%) 
faces                   32/65536        1792/3670016  ( 0.0%) 
hdr faces                0/65536           0/3670016  ( 0.0%) 
origfaces               14/65536         784/3670016  ( 0.0%) 
leaves                  42/65536        1344/2097152  ( 0.1%) 
leaffaces               35/65536          70/131072   ( 0.1%) 
leafbrushes             43/65536          86/131072   ( 0.1%) 
areas                    2/1024           16/8192     ( 0.2%) 
surfedges              192/512000        768/2048000  ( 0.0%) 
edges                  121/256000        484/1024000  ( 0.0%) 
LDR worldlights          2/8192          176/720896   ( 0.0%) 
HDR worldlights          0/8192            0/720896   ( 0.0%) 
leafwaterdata            0/32768           0/393216   ( 0.0%) 
waterstrips              0/32768           0/327680   ( 0.0%) 
waterverts               0/65536           0/786432   ( 0.0%) 
waterindices             0/65536           0/131072   ( 0.0%) 
cubemapsamples           0/1024            0/16384    ( 0.0%) 
overlays                 0/1024            0/360448   ( 0.0%) 
LDR lightdata         [variable]       16512/0        ( 0.0%) 
HDR lightdata         [variable]           0/0        ( 0.0%) 
visdata               [variable]         112/16777216 ( 0.0%) 
entdata               [variable]        2838/393216   ( 0.7%) 
LDR ambient table       42/65536         168/262144   ( 0.1%) 
HDR ambient table       42/65536         168/262144   ( 0.1%) 
LDR leaf ambient       124/65536        3472/1835008  ( 0.2%) 
HDR leaf ambient        42/65536        1176/1835008  ( 0.1%) 
occluders                0/0               0/0        ( 0.0%) 
occluder polygons        0/0               0/0        ( 0.0%) 
occluder vert ind        0/0               0/0        ( 0.0%) 
detail props          [variable]           1/12       ( 8.3%) 
static props          [variable]           1/12       ( 8.3%) 
pakfile               [variable]         393/0        ( 0.0%) 
physics               [variable]        4006/4194304  ( 0.1%) 
physics terrain       [variable]           2/1048576  ( 0.0%) 

Level flags = 0

Total triangle count: 72
Writing d:\steamlibrary\steamapps\common\garrysmod\garrysmod\addons\gmod_lock\maps\gm_lock_map.bsp
0 seconds elapsed
